<?xml version="1.0" encoding="UTF-8"?>
<coverage generated="1759778644654" clover="3.2.0">
  <project timestamp="1759778644654" name="All files">
    <metrics statements="30" coveredstatements="28" conditionals="20" coveredconditionals="20" methods="2" coveredmethods="2" elements="52" coveredelements="50" complexity="0" loc="30" ncloc="30" packages="2" files="2" classes="2"/>
    <package name="controllers">
      <metrics statements="29" coveredstatements="27" conditionals="20" coveredconditionals="20" methods="2" coveredmethods="2"/>
      <file name="userController.ts" path="/Users/nk/Documents/repos/PachinGO-CSC482/backend/src/controllers/userController.ts">
        <metrics statements="29" coveredstatements="27" conditionals="20" coveredconditionals="20" methods="2" coveredmethods="2"/>
        <line num="20" count="1" type="stmt"/>
        <line num="21" count="11" type="stmt"/>
        <line num="23" count="11" type="cond" truecount="4" falsecount="0"/>
        <line num="24" count="2" type="stmt"/>
        <line num="28" count="9" type="cond" truecount="4" falsecount="0"/>
        <line num="29" count="2" type="stmt"/>
        <line num="33" count="7" type="cond" truecount="4" falsecount="0"/>
        <line num="34" count="2" type="stmt"/>
        <line num="38" count="5" type="cond" truecount="2" falsecount="0"/>
        <line num="39" count="1" type="stmt"/>
        <line num="45" count="4" type="stmt"/>
        <line num="46" count="4" type="cond" truecount="2" falsecount="0"/>
        <line num="47" count="1" type="stmt"/>
        <line num="51" count="3" type="stmt"/>
        <line num="52" count="3" type="stmt"/>
        <line num="56" count="3" type="stmt"/>
        <line num="57" count="3" type="stmt"/>
        <line num="59" count="0" type="stmt"/>
        <line num="69" count="1" type="stmt"/>
        <line num="70" count="3" type="stmt"/>
        <line num="71" count="3" type="stmt"/>
        <line num="73" count="3" type="cond" truecount="2" falsecount="0"/>
        <line num="74" count="1" type="stmt"/>
        <line num="78" count="2" type="stmt"/>
        <line num="82" count="2" type="cond" truecount="2" falsecount="0"/>
        <line num="83" count="1" type="stmt"/>
        <line num="87" count="1" type="stmt"/>
        <line num="88" count="1" type="stmt"/>
        <line num="90" count="0" type="stmt"/>
      </file>
    </package>
    <package name="models">
      <metrics statements="1" coveredstatements="1" conditionals="0" coveredconditionals="0" methods="0" coveredmethods="0"/>
      <file name="User.ts" path="/Users/nk/Documents/repos/PachinGO-CSC482/backend/src/models/User.ts">
        <metrics statements="1" coveredstatements="1" conditionals="0" coveredconditionals="0" methods="0" coveredmethods="0"/>
        <line num="10" count="1" type="stmt"/>
      </file>
    </package>
  </project>
</coverage>
