<?xml version="1.0" encoding="UTF-8"?>
<coverage generated="1759812285380" clover="3.2.0">
  <project timestamp="1759812285380" name="All files">
    <metrics statements="38" coveredstatements="35" conditionals="26" coveredconditionals="25" methods="2" coveredmethods="2" elements="66" coveredelements="62" complexity="0" loc="38" ncloc="38" packages="2" files="2" classes="2"/>
    <package name="controllers">
      <metrics statements="37" coveredstatements="34" conditionals="26" coveredconditionals="25" methods="2" coveredmethods="2"/>
      <file name="authController.ts" path="/Users/nk/Documents/repos/PachinGO-CSC482/backend/src/controllers/authController.ts">
        <metrics statements="37" coveredstatements="34" conditionals="26" coveredconditionals="25" methods="2" coveredmethods="2"/>
        <line num="20" count="1" type="stmt"/>
        <line num="21" count="14" type="stmt"/>
        <line num="25" count="14" type="cond" truecount="4" falsecount="0"/>
        <line num="26" count="2" type="stmt"/>
        <line num="32" count="12" type="cond" truecount="4" falsecount="0"/>
        <line num="33" count="2" type="stmt"/>
        <line num="39" count="10" type="cond" truecount="4" falsecount="0"/>
        <line num="40" count="2" type="stmt"/>
        <line num="47" count="8" type="cond" truecount="2" falsecount="0"/>
        <line num="48" count="1" type="stmt"/>
        <line num="55" count="7" type="cond" truecount="2" falsecount="0"/>
        <line num="56" count="2" type="stmt"/>
        <line num="62" count="5" type="stmt"/>
        <line num="63" count="5" type="cond" truecount="2" falsecount="0"/>
        <line num="64" count="1" type="stmt"/>
        <line num="68" count="4" type="stmt"/>
        <line num="69" count="4" type="cond" truecount="2" falsecount="0"/>
        <line num="70" count="1" type="stmt"/>
        <line num="74" count="3" type="stmt"/>
        <line num="75" count="3" type="stmt"/>
        <line num="81" count="3" type="stmt"/>
        <line num="82" count="3" type="stmt"/>
        <line num="84" count="0" type="stmt"/>
        <line num="94" count="1" type="stmt"/>
        <line num="95" count="5" type="stmt"/>
        <line num="99" count="5" type="cond" truecount="2" falsecount="0"/>
        <line num="100" count="2" type="stmt"/>
        <line num="105" count="3" type="stmt"/>
        <line num="109" count="5" type="cond" truecount="2" falsecount="0"/>
        <line num="110" count="3" type="stmt"/>
        <line num="114" count="2" type="stmt"/>
        <line num="118" count="2" type="cond" truecount="1" falsecount="1"/>
        <line num="119" count="0" type="stmt"/>
        <line num="123" count="2" type="stmt"/>
        <line num="125" count="2" type="stmt"/>
        <line num="132" count="2" type="stmt"/>
        <line num="134" count="0" type="stmt"/>
      </file>
    </package>
    <package name="models">
      <metrics statements="1" coveredstatements="1" conditionals="0" coveredconditionals="0" methods="0" coveredmethods="0"/>
      <file name="User.ts" path="/Users/nk/Documents/repos/PachinGO-CSC482/backend/src/models/User.ts">
        <metrics statements="1" coveredstatements="1" conditionals="0" coveredconditionals="0" methods="0" coveredmethods="0"/>
        <line num="10" count="1" type="stmt"/>
      </file>
    </package>
  </project>
</coverage>
