{"/Users/nk/Documents/repos/PachinGO-CSC482/backend/src/controllers/authController.ts": {"path":"/Users/nk/Documents/repos/PachinGO-CSC482/backend/src/controllers/authController.ts","statementMap":{"0":{"start":{"line":20,"column":28},"end":{"line":86,"column":1}},"1":{"start":{"line":21,"column":2},"end":{"line":85,"column":3}},"2":{"start":{"line":25,"column":4},"end":{"line":29,"column":5}},"3":{"start":{"line":26,"column":6},"end":{"line":28,"column":9}},"4":{"start":{"line":32,"column":4},"end":{"line":36,"column":5}},"5":{"start":{"line":33,"column":6},"end":{"line":35,"column":9}},"6":{"start":{"line":39,"column":4},"end":{"line":43,"column":5}},"7":{"start":{"line":40,"column":6},"end":{"line":42,"column":9}},"8":{"start":{"line":47,"column":4},"end":{"line":51,"column":5}},"9":{"start":{"line":48,"column":6},"end":{"line":50,"column":9}},"10":{"start":{"line":55,"column":4},"end":{"line":59,"column":5}},"11":{"start":{"line":56,"column":6},"end":{"line":58,"column":9}},"12":{"start":{"line":62,"column":29},"end":{"line":62,"column":80}},"13":{"start":{"line":63,"column":4},"end":{"line":65,"column":5}},"14":{"start":{"line":64,"column":6},"end":{"line":64,"column":74}},"15":{"start":{"line":68,"column":26},"end":{"line":68,"column":71}},"16":{"start":{"line":69,"column":4},"end":{"line":71,"column":5}},"17":{"start":{"line":70,"column":6},"end":{"line":70,"column":71}},"18":{"start":{"line":74,"column":27},"end":{"line":74,"column":67}},"19":{"start":{"line":75,"column":20},"end":{"line":80,"column":6}},"20":{"start":{"line":81,"column":4},"end":{"line":81,"column":25}},"21":{"start":{"line":82,"column":4},"end":{"line":82,"column":70}},"22":{"start":{"line":84,"column":4},"end":{"line":84,"column":63}},"23":{"start":{"line":94,"column":25},"end":{"line":136,"column":1}},"24":{"start":{"line":95,"column":2},"end":{"line":135,"column":3}},"25":{"start":{"line":99,"column":4},"end":{"line":106,"column":5}},"26":{"start":{"line":100,"column":6},"end":{"line":100,"column":62}},"27":{"start":{"line":105,"column":6},"end":{"line":105,"column":65}},"28":{"start":{"line":109,"column":4},"end":{"line":111,"column":5}},"29":{"start":{"line":110,"column":6},"end":{"line":110,"column":70}},"30":{"start":{"line":114,"column":26},"end":{"line":117,"column":5}},"31":{"start":{"line":118,"column":4},"end":{"line":120,"column":5}},"32":{"start":{"line":119,"column":6},"end":{"line":119,"column":70}},"33":{"start":{"line":123,"column":18},"end":{"line":123,"column":86}},"34":{"start":{"line":125,"column":4},"end":{"line":130,"column":7}},"35":{"start":{"line":132,"column":4},"end":{"line":132,"column":58}},"36":{"start":{"line":134,"column":4},"end":{"line":134,"column":41}}},"fnMap":{"0":{"name":"(anonymous_0)","decl":{"start":{"line":20,"column":28},"end":{"line":20,"column":29}},"loc":{"start":{"line":20,"column":67},"end":{"line":86,"column":1}},"line":20},"1":{"name":"(anonymous_1)","decl":{"start":{"line":94,"column":25},"end":{"line":94,"column":26}},"loc":{"start":{"line":94,"column":64},"end":{"line":136,"column":1}},"line":94}},"branchMap":{"0":{"loc":{"start":{"line":25,"column":4},"end":{"line":29,"column":5}},"type":"if","locations":[{"start":{"line":25,"column":4},"end":{"line":29,"column":5}},{"start":{},"end":{}}],"line":25},"1":{"loc":{"start":{"line":25,"column":8},"end":{"line":25,"column":68}},"type":"binary-expr","locations":[{"start":{"line":25,"column":8},"end":{"line":25,"column":36}},{"start":{"line":25,"column":40},"end":{"line":25,"column":68}}],"line":25},"2":{"loc":{"start":{"line":32,"column":4},"end":{"line":36,"column":5}},"type":"if","locations":[{"start":{"line":32,"column":4},"end":{"line":36,"column":5}},{"start":{},"end":{}}],"line":32},"3":{"loc":{"start":{"line":32,"column":8},"end":{"line":32,"column":70}},"type":"binary-expr","locations":[{"start":{"line":32,"column":8},"end":{"line":32,"column":37}},{"start":{"line":32,"column":41},"end":{"line":32,"column":70}}],"line":32},"4":{"loc":{"start":{"line":39,"column":4},"end":{"line":43,"column":5}},"type":"if","locations":[{"start":{"line":39,"column":4},"end":{"line":43,"column":5}},{"start":{},"end":{}}],"line":39},"5":{"loc":{"start":{"line":39,"column":8},"end":{"line":39,"column":74}},"type":"binary-expr","locations":[{"start":{"line":39,"column":8},"end":{"line":39,"column":39}},{"start":{"line":39,"column":43},"end":{"line":39,"column":74}}],"line":39},"6":{"loc":{"start":{"line":47,"column":4},"end":{"line":51,"column":5}},"type":"if","locations":[{"start":{"line":47,"column":4},"end":{"line":51,"column":5}},{"start":{},"end":{}}],"line":47},"7":{"loc":{"start":{"line":55,"column":4},"end":{"line":59,"column":5}},"type":"if","locations":[{"start":{"line":55,"column":4},"end":{"line":59,"column":5}},{"start":{},"end":{}}],"line":55},"8":{"loc":{"start":{"line":63,"column":4},"end":{"line":65,"column":5}},"type":"if","locations":[{"start":{"line":63,"column":4},"end":{"line":65,"column":5}},{"start":{},"end":{}}],"line":63},"9":{"loc":{"start":{"line":69,"column":4},"end":{"line":71,"column":5}},"type":"if","locations":[{"start":{"line":69,"column":4},"end":{"line":71,"column":5}},{"start":{},"end":{}}],"line":69},"10":{"loc":{"start":{"line":99,"column":4},"end":{"line":106,"column":5}},"type":"if","locations":[{"start":{"line":99,"column":4},"end":{"line":106,"column":5}},{"start":{"line":104,"column":9},"end":{"line":106,"column":5}}],"line":99},"11":{"loc":{"start":{"line":109,"column":4},"end":{"line":111,"column":5}},"type":"if","locations":[{"start":{"line":109,"column":4},"end":{"line":111,"column":5}},{"start":{},"end":{}}],"line":109},"12":{"loc":{"start":{"line":118,"column":4},"end":{"line":120,"column":5}},"type":"if","locations":[{"start":{"line":118,"column":4},"end":{"line":120,"column":5}},{"start":{},"end":{}}],"line":118}},"s":{"0":1,"1":14,"2":14,"3":2,"4":12,"5":2,"6":10,"7":2,"8":8,"9":1,"10":7,"11":2,"12":5,"13":5,"14":1,"15":4,"16":4,"17":1,"18":3,"19":3,"20":3,"21":3,"22":0,"23":1,"24":5,"25":5,"26":2,"27":3,"28":5,"29":3,"30":2,"31":2,"32":0,"33":2,"34":2,"35":2,"36":0},"f":{"0":14,"1":5},"b":{"0":[2,12],"1":[14,13],"2":[2,10],"3":[12,11],"4":[2,8],"5":[10,9],"6":[1,7],"7":[2,5],"8":[1,4],"9":[1,3],"10":[2,3],"11":[3,2],"12":[0,2]},"_coverageSchema":"1a1c01bbd47fc00a2c39e90264f33305004495a9","hash":"6fa62322be0fd14beeb55f821b10d22a6c76e972"}
,"/Users/nk/Documents/repos/PachinGO-CSC482/backend/src/models/User.ts": {"path":"/Users/nk/Documents/repos/PachinGO-CSC482/backend/src/models/User.ts","statementMap":{"0":{"start":{"line":10,"column":19},"end":{"line":15,"column":2}}},"fnMap":{},"branchMap":{},"s":{"0":1},"f":{},"b":{},"_coverageSchema":"1a1c01bbd47fc00a2c39e90264f33305004495a9","hash":"06eca56a593989b8c81242a64edf40fb4e0251e9"}
}
