{"/Users/nk/Documents/repos/PachinGO-CSC482/backend/src/controllers/authController.ts": {"path":"/Users/nk/Documents/repos/PachinGO-CSC482/backend/src/controllers/authController.ts","statementMap":{"0":{"start":{"line":22,"column":28},"end":{"line":88,"column":1}},"1":{"start":{"line":23,"column":2},"end":{"line":87,"column":3}},"2":{"start":{"line":27,"column":4},"end":{"line":31,"column":5}},"3":{"start":{"line":28,"column":6},"end":{"line":30,"column":9}},"4":{"start":{"line":34,"column":4},"end":{"line":38,"column":5}},"5":{"start":{"line":35,"column":6},"end":{"line":37,"column":9}},"6":{"start":{"line":41,"column":4},"end":{"line":45,"column":5}},"7":{"start":{"line":42,"column":6},"end":{"line":44,"column":9}},"8":{"start":{"line":49,"column":4},"end":{"line":53,"column":5}},"9":{"start":{"line":50,"column":6},"end":{"line":52,"column":9}},"10":{"start":{"line":57,"column":4},"end":{"line":61,"column":5}},"11":{"start":{"line":58,"column":6},"end":{"line":60,"column":9}},"12":{"start":{"line":64,"column":29},"end":{"line":64,"column":80}},"13":{"start":{"line":65,"column":4},"end":{"line":67,"column":5}},"14":{"start":{"line":66,"column":6},"end":{"line":66,"column":74}},"15":{"start":{"line":70,"column":26},"end":{"line":70,"column":71}},"16":{"start":{"line":71,"column":4},"end":{"line":73,"column":5}},"17":{"start":{"line":72,"column":6},"end":{"line":72,"column":71}},"18":{"start":{"line":76,"column":27},"end":{"line":76,"column":67}},"19":{"start":{"line":77,"column":20},"end":{"line":82,"column":6}},"20":{"start":{"line":83,"column":4},"end":{"line":83,"column":25}},"21":{"start":{"line":84,"column":4},"end":{"line":84,"column":70}},"22":{"start":{"line":86,"column":4},"end":{"line":86,"column":63}},"23":{"start":{"line":98,"column":25},"end":{"line":143,"column":1}},"24":{"start":{"line":99,"column":2},"end":{"line":142,"column":3}},"25":{"start":{"line":103,"column":4},"end":{"line":110,"column":5}},"26":{"start":{"line":104,"column":6},"end":{"line":104,"column":62}},"27":{"start":{"line":109,"column":6},"end":{"line":109,"column":65}},"28":{"start":{"line":113,"column":4},"end":{"line":115,"column":5}},"29":{"start":{"line":114,"column":6},"end":{"line":114,"column":70}},"30":{"start":{"line":118,"column":26},"end":{"line":121,"column":5}},"31":{"start":{"line":122,"column":4},"end":{"line":124,"column":5}},"32":{"start":{"line":123,"column":6},"end":{"line":123,"column":70}},"33":{"start":{"line":127,"column":18},"end":{"line":127,"column":86}},"34":{"start":{"line":132,"column":4},"end":{"line":137,"column":7}},"35":{"start":{"line":139,"column":4},"end":{"line":139,"column":58}},"36":{"start":{"line":141,"column":4},"end":{"line":141,"column":63}},"37":{"start":{"line":152,"column":26},"end":{"line":159,"column":1}},"38":{"start":{"line":153,"column":2},"end":{"line":158,"column":3}},"39":{"start":{"line":154,"column":4},"end":{"line":154,"column":29}},"40":{"start":{"line":155,"column":4},"end":{"line":155,"column":59}},"41":{"start":{"line":157,"column":4},"end":{"line":157,"column":63}},"42":{"start":{"line":167,"column":25},"end":{"line":178,"column":1}},"43":{"start":{"line":168,"column":2},"end":{"line":177,"column":3}},"44":{"start":{"line":169,"column":19},"end":{"line":169,"column":40}},"45":{"start":{"line":170,"column":2},"end":{"line":172,"column":3}},"46":{"start":{"line":171,"column":4},"end":{"line":171,"column":61}},"47":{"start":{"line":174,"column":2},"end":{"line":174,"column":71}},"48":{"start":{"line":176,"column":4},"end":{"line":176,"column":70}}},"fnMap":{"0":{"name":"(anonymous_0)","decl":{"start":{"line":22,"column":28},"end":{"line":22,"column":29}},"loc":{"start":{"line":22,"column":67},"end":{"line":88,"column":1}},"line":22},"1":{"name":"(anonymous_1)","decl":{"start":{"line":98,"column":25},"end":{"line":98,"column":26}},"loc":{"start":{"line":98,"column":64},"end":{"line":143,"column":1}},"line":98},"2":{"name":"(anonymous_2)","decl":{"start":{"line":152,"column":26},"end":{"line":152,"column":27}},"loc":{"start":{"line":152,"column":65},"end":{"line":159,"column":1}},"line":152},"3":{"name":"(anonymous_3)","decl":{"start":{"line":167,"column":25},"end":{"line":167,"column":26}},"loc":{"start":{"line":167,"column":64},"end":{"line":178,"column":1}},"line":167}},"branchMap":{"0":{"loc":{"start":{"line":27,"column":4},"end":{"line":31,"column":5}},"type":"if","locations":[{"start":{"line":27,"column":4},"end":{"line":31,"column":5}},{"start":{},"end":{}}],"line":27},"1":{"loc":{"start":{"line":27,"column":8},"end":{"line":27,"column":68}},"type":"binary-expr","locations":[{"start":{"line":27,"column":8},"end":{"line":27,"column":36}},{"start":{"line":27,"column":40},"end":{"line":27,"column":68}}],"line":27},"2":{"loc":{"start":{"line":34,"column":4},"end":{"line":38,"column":5}},"type":"if","locations":[{"start":{"line":34,"column":4},"end":{"line":38,"column":5}},{"start":{},"end":{}}],"line":34},"3":{"loc":{"start":{"line":34,"column":8},"end":{"line":34,"column":70}},"type":"binary-expr","locations":[{"start":{"line":34,"column":8},"end":{"line":34,"column":37}},{"start":{"line":34,"column":41},"end":{"line":34,"column":70}}],"line":34},"4":{"loc":{"start":{"line":41,"column":4},"end":{"line":45,"column":5}},"type":"if","locations":[{"start":{"line":41,"column":4},"end":{"line":45,"column":5}},{"start":{},"end":{}}],"line":41},"5":{"loc":{"start":{"line":41,"column":8},"end":{"line":41,"column":74}},"type":"binary-expr","locations":[{"start":{"line":41,"column":8},"end":{"line":41,"column":39}},{"start":{"line":41,"column":43},"end":{"line":41,"column":74}}],"line":41},"6":{"loc":{"start":{"line":49,"column":4},"end":{"line":53,"column":5}},"type":"if","locations":[{"start":{"line":49,"column":4},"end":{"line":53,"column":5}},{"start":{},"end":{}}],"line":49},"7":{"loc":{"start":{"line":57,"column":4},"end":{"line":61,"column":5}},"type":"if","locations":[{"start":{"line":57,"column":4},"end":{"line":61,"column":5}},{"start":{},"end":{}}],"line":57},"8":{"loc":{"start":{"line":65,"column":4},"end":{"line":67,"column":5}},"type":"if","locations":[{"start":{"line":65,"column":4},"end":{"line":67,"column":5}},{"start":{},"end":{}}],"line":65},"9":{"loc":{"start":{"line":71,"column":4},"end":{"line":73,"column":5}},"type":"if","locations":[{"start":{"line":71,"column":4},"end":{"line":73,"column":5}},{"start":{},"end":{}}],"line":71},"10":{"loc":{"start":{"line":103,"column":4},"end":{"line":110,"column":5}},"type":"if","locations":[{"start":{"line":103,"column":4},"end":{"line":110,"column":5}},{"start":{"line":108,"column":9},"end":{"line":110,"column":5}}],"line":103},"11":{"loc":{"start":{"line":113,"column":4},"end":{"line":115,"column":5}},"type":"if","locations":[{"start":{"line":113,"column":4},"end":{"line":115,"column":5}},{"start":{},"end":{}}],"line":113},"12":{"loc":{"start":{"line":122,"column":4},"end":{"line":124,"column":5}},"type":"if","locations":[{"start":{"line":122,"column":4},"end":{"line":124,"column":5}},{"start":{},"end":{}}],"line":122},"13":{"loc":{"start":{"line":170,"column":2},"end":{"line":172,"column":3}},"type":"if","locations":[{"start":{"line":170,"column":2},"end":{"line":172,"column":3}},{"start":{},"end":{}}],"line":170}},"s":{"0":1,"1":14,"2":14,"3":2,"4":12,"5":2,"6":10,"7":2,"8":8,"9":1,"10":7,"11":2,"12":5,"13":5,"14":1,"15":4,"16":4,"17":1,"18":3,"19":3,"20":3,"21":3,"22":0,"23":1,"24":5,"25":5,"26":2,"27":3,"28":5,"29":3,"30":2,"31":2,"32":0,"33":2,"34":2,"35":2,"36":0,"37":1,"38":1,"39":1,"40":1,"41":0,"42":1,"43":0,"44":0,"45":0,"46":0,"47":0,"48":0},"f":{"0":14,"1":5,"2":1,"3":0},"b":{"0":[2,12],"1":[14,13],"2":[2,10],"3":[12,11],"4":[2,8],"5":[10,9],"6":[1,7],"7":[2,5],"8":[1,4],"9":[1,3],"10":[2,3],"11":[3,2],"12":[0,2],"13":[0,0]},"_coverageSchema":"1a1c01bbd47fc00a2c39e90264f33305004495a9","hash":"e50692f7cdcdab6cbcc331d748662102881eeed8"}
,"/Users/nk/Documents/repos/PachinGO-CSC482/backend/src/models/User.ts": {"path":"/Users/nk/Documents/repos/PachinGO-CSC482/backend/src/models/User.ts","statementMap":{"0":{"start":{"line":10,"column":19},"end":{"line":15,"column":2}}},"fnMap":{},"branchMap":{},"s":{"0":1},"f":{},"b":{},"_coverageSchema":"1a1c01bbd47fc00a2c39e90264f33305004495a9","hash":"06eca56a593989b8c81242a64edf40fb4e0251e9"}
}
