TN:
SF:src/controllers/userController.ts
FN:20,(anonymous_0)
FN:69,(anonymous_1)
FNF:2
FNH:2
FNDA:11,(anonymous_0)
FNDA:3,(anonymous_1)
DA:20,1
DA:21,11
DA:23,11
DA:24,2
DA:28,9
DA:29,2
DA:33,7
DA:34,2
DA:38,5
DA:39,1
DA:45,4
DA:46,4
DA:47,1
DA:51,3
DA:52,3
DA:56,3
DA:57,3
DA:59,0
DA:69,1
DA:70,3
DA:71,3
DA:73,3
DA:74,1
DA:78,2
DA:82,2
DA:83,1
DA:87,1
DA:88,1
DA:90,0
LF:29
LH:27
BRDA:23,0,0,2
BRDA:23,0,1,9
BRDA:23,1,0,11
BRDA:23,1,1,10
BRDA:28,2,0,2
BRDA:28,2,1,7
BRDA:28,3,0,9
BRDA:28,3,1,8
BRDA:33,4,0,2
BRDA:33,4,1,5
BRDA:33,5,0,7
BRDA:33,5,1,6
BRDA:38,6,0,1
BRDA:38,6,1,4
BRDA:46,7,0,1
BRDA:46,7,1,3
BRDA:73,8,0,1
BRDA:73,8,1,2
BRDA:82,9,0,1
BRDA:82,9,1,1
BRF:20
BRH:20
end_of_record
TN:
SF:src/models/User.ts
FNF:0
FNH:0
DA:10,1
LF:1
LH:1
BRF:0
BRH:0
end_of_record
