TN:
SF:src/controllers/authController.ts
FN:20,(anonymous_0)
FN:94,(anonymous_1)
FNF:2
FNH:2
FNDA:14,(anonymous_0)
FNDA:5,(anonymous_1)
DA:20,1
DA:21,14
DA:25,14
DA:26,2
DA:32,12
DA:33,2
DA:39,10
DA:40,2
DA:47,8
DA:48,1
DA:55,7
DA:56,2
DA:62,5
DA:63,5
DA:64,1
DA:68,4
DA:69,4
DA:70,1
DA:74,3
DA:75,3
DA:81,3
DA:82,3
DA:84,0
DA:94,1
DA:95,5
DA:99,5
DA:100,2
DA:105,3
DA:109,5
DA:110,3
DA:114,2
DA:118,2
DA:119,0
DA:123,2
DA:125,2
DA:132,2
DA:134,0
LF:37
LH:34
BRDA:25,0,0,2
BRDA:25,0,1,12
BRDA:25,1,0,14
BRDA:25,1,1,13
BRDA:32,2,0,2
BRDA:32,2,1,10
BRDA:32,3,0,12
BRDA:32,3,1,11
BRDA:39,4,0,2
BRDA:39,4,1,8
BRDA:39,5,0,10
BRDA:39,5,1,9
BRDA:47,6,0,1
BRDA:47,6,1,7
BRDA:55,7,0,2
BRDA:55,7,1,5
BRDA:63,8,0,1
BRDA:63,8,1,4
BRDA:69,9,0,1
BRDA:69,9,1,3
BRDA:99,10,0,2
BRDA:99,10,1,3
BRDA:109,11,0,3
BRDA:109,11,1,2
BRDA:118,12,0,0
BRDA:118,12,1,2
BRF:26
BRH:25
end_of_record
TN:
SF:src/models/User.ts
FNF:0
FNH:0
DA:10,1
LF:1
LH:1
BRF:0
BRH:0
end_of_record
